  ICG 3 lab.cpp
C:\Program Files (x86)\Windows Kits\10\Include\10.0.19041.0\shared\minwindef.h(130,1): warning C4005: APIENTRY: изменение макроопределения
C:\Users\Asus\Downloads\vcplg\vcpkg-master\installed\x64-windows\include\GLFW\glfw3.h(123): message : см. предыдущее определение "APIENTRY"
C:\Users\Asus\source\repos\ICG 3 lab\ICG 3 lab\ICG 3 lab.cpp(31,19): warning C4305: инициализация: усечение из "double" в "float"
C:\Users\Asus\source\repos\ICG 3 lab\ICG 3 lab\ICG 3 lab.cpp(35,18): warning C4305: инициализация: усечение из "double" в "float"
C:\Users\Asus\source\repos\ICG 3 lab\ICG 3 lab\ICG 3 lab.cpp(36,13): warning C4244: инициализация: преобразование "double" в "float", возможна потеря данных
C:\Users\Asus\source\repos\ICG 3 lab\ICG 3 lab\ICG 3 lab.cpp(38,17): warning C4305: -=: усечение из "double" в "float"
C:\Users\Asus\source\repos\ICG 3 lab\ICG 3 lab\ICG 3 lab.cpp(41,28): warning C4305: аргумент: усечение из "double" в "GLfloat"
C:\Users\Asus\source\repos\ICG 3 lab\ICG 3 lab\ICG 3 lab.cpp(43,27): warning C4305: аргумент: усечение из "double" в "GLfloat"
C:\Users\Asus\source\repos\ICG 3 lab\ICG 3 lab\ICG 3 lab.cpp(50,28): warning C4244: =: преобразование "double" в "float", возможна потеря данных
C:\Users\Asus\source\repos\ICG 3 lab\ICG 3 lab\ICG 3 lab.cpp(51,28): warning C4244: =: преобразование "double" в "float", возможна потеря данных
C:\Users\Asus\source\repos\ICG 3 lab\ICG 3 lab\ICG 3 lab.cpp(57,28): warning C4244: =: преобразование "double" в "float", возможна потеря данных
C:\Users\Asus\source\repos\ICG 3 lab\ICG 3 lab\ICG 3 lab.cpp(58,28): warning C4244: =: преобразование "double" в "float", возможна потеря данных
C:\Users\Asus\source\repos\ICG 3 lab\ICG 3 lab\ICG 3 lab.cpp(33,15): warning C4101: y1: неиспользованная локальная переменная
C:\Users\Asus\source\repos\ICG 3 lab\ICG 3 lab\ICG 3 lab.cpp(33,11): warning C4101: x1: неиспользованная локальная переменная
C:\Users\Asus\source\repos\ICG 3 lab\ICG 3 lab\ICG 3 lab.cpp(70,19): warning C4305: инициализация: усечение из "double" в "float"
C:\Users\Asus\source\repos\ICG 3 lab\ICG 3 lab\ICG 3 lab.cpp(71,13): warning C4244: инициализация: преобразование "double" в "float", возможна потеря данных
C:\Users\Asus\source\repos\ICG 3 lab\ICG 3 lab\ICG 3 lab.cpp(81,24): warning C4244: =: преобразование "double" в "float", возможна потеря данных
C:\Users\Asus\source\repos\ICG 3 lab\ICG 3 lab\ICG 3 lab.cpp(82,24): warning C4244: =: преобразование "double" в "float", возможна потеря данных
C:\Users\Asus\source\repos\ICG 3 lab\ICG 3 lab\ICG 3 lab.cpp(92,27): warning C4305: аргумент: усечение из "double" в "GLfloat"
C:\Users\Asus\source\repos\ICG 3 lab\ICG 3 lab\ICG 3 lab.cpp(193,16): warning C4244: инициализация: преобразование "double" в "float", возможна потеря данных
C:\Users\Asus\source\repos\ICG 3 lab\ICG 3 lab\ICG 3 lab.cpp(195,42): warning C4305: =: усечение из "double" в "float"
C:\Users\Asus\source\repos\ICG 3 lab\ICG 3 lab\ICG 3 lab.cpp(196,43): warning C4305: =: усечение из "double" в "float"
C:\Users\Asus\source\repos\ICG 3 lab\ICG 3 lab\ICG 3 lab.cpp(198,20): warning C4305: =: усечение из "double" в "float"
C:\Users\Asus\source\repos\ICG 3 lab\ICG 3 lab\ICG 3 lab.cpp(198,40): warning C4305: -=: усечение из "double" в "float"
C:\Users\Asus\source\repos\ICG 3 lab\ICG 3 lab\ICG 3 lab.cpp(201,21): warning C4305: =: усечение из "double" в "float"
C:\Users\Asus\source\repos\ICG 3 lab\ICG 3 lab\ICG 3 lab.cpp(201,41): warning C4305: -=: усечение из "double" в "float"
C:\Users\Asus\source\repos\ICG 3 lab\ICG 3 lab\ICG 3 lab.cpp(204,28): warning C4244: +=: преобразование "double" в "FLOAT", возможна потеря данных
C:\Users\Asus\source\repos\ICG 3 lab\ICG 3 lab\ICG 3 lab.cpp(205,28): warning C4244: +=: преобразование "double" в "FLOAT", возможна потеря данных
C:\Users\Asus\source\repos\ICG 3 lab\ICG 3 lab\ICG 3 lab.cpp(216,18): warning C4305: -=: усечение из "double" в "float"
C:\Users\Asus\source\repos\ICG 3 lab\ICG 3 lab\ICG 3 lab.cpp(240,35): warning C4244: аргумент: преобразование "int" в "GLfloat", возможна потеря данных
C:\Users\Asus\source\repos\ICG 3 lab\ICG 3 lab\ICG 3 lab.cpp(240,28): warning C4244: аргумент: преобразование "int" в "GLfloat", возможна потеря данных
C:\Users\Asus\source\repos\ICG 3 lab\ICG 3 lab\ICG 3 lab.cpp(255,30): warning C4305: аргумент: усечение из "double" в "GLfloat"
C:\Users\Asus\source\repos\ICG 3 lab\ICG 3 lab\ICG 3 lab.cpp(262,45): warning C4244: аргумент: преобразование "double" в "GLfloat", возможна потеря данных
C:\Users\Asus\source\repos\ICG 3 lab\ICG 3 lab\ICG 3 lab.cpp(262,33): warning C4244: аргумент: преобразование "double" в "GLfloat", возможна потеря данных
C:\Users\Asus\source\repos\ICG 3 lab\ICG 3 lab\ICG 3 lab.cpp(262,21): warning C4244: аргумент: преобразование "double" в "GLfloat", возможна потеря данных
C:\Users\Asus\source\repos\ICG 3 lab\ICG 3 lab\ICG 3 lab.cpp(263,32): warning C4305: аргумент: усечение из "double" в "GLfloat"
C:\Users\Asus\source\repos\ICG 3 lab\ICG 3 lab\ICG 3 lab.cpp(273,30): warning C4305: аргумент: усечение из "double" в "GLfloat"
C:\Users\Asus\source\repos\ICG 3 lab\ICG 3 lab\ICG 3 lab.cpp(275,28): warning C4305: аргумент: усечение из "double" в "GLfloat"
C:\Users\Asus\source\repos\ICG 3 lab\ICG 3 lab\ICG 3 lab.cpp(279,28): warning C4305: аргумент: усечение из "double" в "GLfloat"
C:\Users\Asus\source\repos\ICG 3 lab\ICG 3 lab\ICG 3 lab.cpp(281,28): warning C4305: аргумент: усечение из "double" в "GLfloat"
C:\Users\Asus\source\repos\ICG 3 lab\ICG 3 lab\ICG 3 lab.cpp(288,44): warning C4244: аргумент: преобразование "double" в "GLfloat", возможна потеря данных
C:\Users\Asus\source\repos\ICG 3 lab\ICG 3 lab\ICG 3 lab.cpp(289,28): warning C4305: аргумент: усечение из "double" в "GLfloat"
C:\Users\Asus\source\repos\ICG 3 lab\ICG 3 lab\ICG 3 lab.cpp(347,50): warning C4305: инициализация: усечение из "double" в "GLfloat"
C:\Users\Asus\source\repos\ICG 3 lab\ICG 3 lab\ICG 3 lab.cpp(384,60): warning C4305: инициализация: усечение из "double" в "GLfloat"
C:\Users\Asus\source\repos\ICG 3 lab\ICG 3 lab\ICG 3 lab.cpp(393,65): warning C4305: аргумент: усечение из "double" в "GLfloat"
C:\Users\Asus\source\repos\ICG 3 lab\ICG 3 lab\ICG 3 lab.cpp(395,67): warning C4305: аргумент: усечение из "double" в "GLfloat"
C:\Users\Asus\source\repos\ICG 3 lab\ICG 3 lab\ICG 3 lab.cpp(413,66): warning C4305: аргумент: усечение из "double" в "GLfloat"
C:\Users\Asus\source\repos\ICG 3 lab\ICG 3 lab\ICG 3 lab.cpp(420,60): warning C4305: инициализация: усечение из "double" в "GLfloat"
  ICG 3 lab.vcxproj -> C:\Users\Asus\source\repos\ICG 3 lab\x64\Debug\ICG 3 lab.exe
